<?xml version="1.0" encoding="UTF-8"?>
<!-- Generated by org.testng.reporters.JUnitReportReporter -->
<testsuite skipped="0" hostname="USHYDANCHAND7" name="com.crm.qa.testcases.ContactsPageTest" tests="5" failures="0" timestamp="16 Oct 2019 17:52:42 GMT" time="91.191" errors="0">
  <testcase name="validateCreateContact" time="18.652" classname="com.crm.qa.testcases.ContactsPageTest"/>
  <testcase name="validateCreateContact" time="17.545" classname="com.crm.qa.testcases.ContactsPageTest"/>
  <testcase name="validateCreateContact" time="19.197" classname="com.crm.qa.testcases.ContactsPageTest"/>
  <testcase name="validateCreateContact" time="17.642" classname="com.crm.qa.testcases.ContactsPageTest"/>
  <testcase name="validateCreateContact" time="18.155" classname="com.crm.qa.testcases.ContactsPageTest"/>
</testsuite> <!-- com.crm.qa.testcases.ContactsPageTest -->
