<?xml version="1.0" encoding="UTF-8"?>
<!-- Generated by org.testng.reporters.JUnitReportReporter -->
<testsuite skipped="0" hostname="USHYDANCHAND7" name="com.crm.qa.testcases.LoginPageTest" tests="2" failures="0" timestamp="16 Oct 2019 15:23:22 GMT" time="29.104" errors="0">
  <testcase name="loginPageTitleTest" time="9.286" classname="com.crm.qa.testcases.LoginPageTest"/>
  <testcase name="loginTest" time="19.818" classname="com.crm.qa.testcases.LoginPageTest"/>
</testsuite> <!-- com.crm.qa.testcases.LoginPageTest -->
