<?xml version="1.0" encoding="UTF-8"?>
<!-- Generated by org.testng.reporters.JUnitReportReporter -->
<testsuite skipped="0" hostname="USHYDANCHAND7" name="com.crm.qa.testcases.HomePageTest" tests="2" failures="0" timestamp="17 Oct 2019 14:54:36 GMT" time="43.792" errors="0">
  <testcase name="verifyHomePageTitle" time="21.571" classname="com.crm.qa.testcases.HomePageTest"/>
  <testcase name="verifyUserNameValue" time="22.221" classname="com.crm.qa.testcases.HomePageTest"/>
</testsuite> <!-- com.crm.qa.testcases.HomePageTest -->
